# 20150310 12:19:03
/usr/bin/dirb http://localhost -o 20150310_121903_dirb_localhost >/dev/null 2>&1
# 20150310 12:19:04
/usr/bin/nmap -A -sS -sC -sV -p1-65535 localhost -oA 20150310_121904_nmap_localhost_full_range >/dev/null 2>&1
# 20150310 12:19:04
# dirb has finished
# 20150310 12:19:05
/usr/local/bin/udp-proto-scanner.pl 127.0.0.1 > 20150310_121905_udp-proto-scanner_127.0.0.1 2>/dev/null
# 20150310 12:19:05
# nmap has finished
# 20150310 12:19:06
/usr/bin/java -jar /root/Downloads/TestSSLServer.jar localhost 80 > 20150310_121906_testsslserver_localhost 2>/dev/null
# 20150310 12:19:06
# udp-proto-scanner has finished
# 20150310 12:19:07
/usr/bin/sslscan localhost:80 > 20150310_121907_sslscan_localhost 2>/dev/null
# 20150310 12:19:07
# testsslserver has finished
# 20150310 12:19:08
/usr/bin/sslyze --regular localhost > 20150310_121908_sslyze_localhost 2>/dev/null
# 20150310 12:19:08
# sslscan has finished
# 20150310 12:19:09
/usr/bin/nikto -h localhost -o 20150310_121909_nikto_localhost.txt >/dev/null 2>&1
# 20150310 12:19:09
# sslyze has finished
